<?xml version="1.0" encoding="UTF-8"?>
<!-- Generated by org.testng.reporters.JUnitReportReporter -->
<testsuite hostname="LAPTOP-7FB3PP7D" failures="0" tests="1" name="testng.Demo" time="0.016" errors="0" timestamp="2021-10-13T12:20:51 IST" skipped="0">
  <testcase classname="testng.Demo" name="run" time="0.016"/>
  <system-out>
    <![CDATA[I am report Message]]>
  </system-out>
</testsuite> <!-- testng.Demo -->
