<?xml version="1.0" encoding="UTF-8"?>
<!-- Generated by org.testng.reporters.JUnitReportReporter -->
<testsuite hostname="LAPTOP-7FB3PP7D" failures="0" tests="12" name="testng.FlagsOfTestNG" time="0.030" errors="0" timestamp="2021-10-13T18:15:46 IST" skipped="0">
  <testcase classname="testng.FlagsOfTestNG" name="run" time="0.009"/>
  <system-out>
    <![CDATA[Run the m/c]]>
  </system-out>
  <testcase classname="testng.FlagsOfTestNG" name="bun" time="0.002"/>
  <system-out>
    <![CDATA[rockon]]>
  </system-out>
  <testcase classname="testng.FlagsOfTestNG" name="gun" time="0.003"/>
  <system-out>
    <![CDATA[Gun Loaded]]>
  </system-out>
  <testcase classname="testng.FlagsOfTestNG" name="gun" time="0.002"/>
  <system-out>
    <![CDATA[Gun Loaded]]>
  </system-out>
  <testcase classname="testng.FlagsOfTestNG" name="gun" time="0.001"/>
  <system-out>
    <![CDATA[Gun Loaded]]>
  </system-out>
  <testcase classname="testng.FlagsOfTestNG" name="gun" time="0.001"/>
  <system-out>
    <![CDATA[Gun Loaded]]>
  </system-out>
  <testcase classname="testng.FlagsOfTestNG" name="gun" time="0.002"/>
  <system-out>
    <![CDATA[Gun Loaded]]>
  </system-out>
  <testcase classname="testng.FlagsOfTestNG" name="gun" time="0.002"/>
  <system-out>
    <![CDATA[Gun Loaded]]>
  </system-out>
  <testcase classname="testng.FlagsOfTestNG" name="gun" time="0.002"/>
  <system-out>
    <![CDATA[Gun Loaded]]>
  </system-out>
  <testcase classname="testng.FlagsOfTestNG" name="gun" time="0.002"/>
  <system-out>
    <![CDATA[Gun Loaded]]>
  </system-out>
  <testcase classname="testng.FlagsOfTestNG" name="gun" time="0.002"/>
  <system-out>
    <![CDATA[Gun Loaded]]>
  </system-out>
  <testcase classname="testng.FlagsOfTestNG" name="gun" time="0.002"/>
  <system-out>
    <![CDATA[Gun Loaded]]>
  </system-out>
</testsuite> <!-- testng.FlagsOfTestNG -->
