<?xml version="1.0" encoding="UTF-8"?>
<!-- Generated by org.testng.reporters.JUnitReportReporter -->
<testsuite hostname="LAPTOP-7FB3PP7D" failures="0" tests="1" name="testng.Sumo" time="0.011" errors="0" timestamp="2021-10-13T12:27:49 IST" skipped="0">
  <testcase classname="testng.Sumo" name="rummy" time="0.011"/>
  <system-out>
    <![CDATA[rummy is always rummy]]>
  </system-out>
</testsuite> <!-- testng.Sumo -->
