<?xml version="1.0" encoding="UTF-8"?>
<!-- Generated by org.testng.reporters.JUnitReportReporter -->
<testsuite hostname="LAPTOP-7FB3PP7D" failures="0" tests="1" name="testng.Remo" time="0.011" errors="0" timestamp="2021-10-13T12:23:14 IST" skipped="0">
  <testcase classname="testng.Remo" name="rockon" time="0.011"/>
  <system-out>
    <![CDATA[rockon]]>
  </system-out>
</testsuite> <!-- testng.Remo -->
